<?xml version="1.0" encoding="UTF-8"?>
<!-- Generated by org.testng.reporters.JUnitReportReporter -->
<testsuite skipped="0" hostname="Its-me-Apoorv" name="scripts.LoginTest" tests="1" failures="0" timestamp="21 Sep 2018 13:32:00 GMT" time="31.804" errors="0">
  <testcase name="loginTest" time="31.804" classname="scripts.LoginTest"/>
</testsuite> <!-- scripts.LoginTest -->
