<?xml version="1.0" encoding="UTF-8"?>
<!-- Generated by org.testng.reporters.JUnitReportReporter -->
<testsuite skipped="0" hostname="Its-me-Apoorv" name="scripts.LoginTest" tests="1" failures="0" timestamp="30 May 2018 12:20:03 GMT" time="33.144" errors="0">
  <testcase name="loginTest" time="33.144" classname="scripts.LoginTest"/>
</testsuite> <!-- scripts.LoginTest -->
