<?xml version="1.0" encoding="UTF-8"?>
<!-- Generated by org.testng.reporters.JUnitReportReporter -->
<testsuite skipped="0" hostname="Its-me-Apoorv" name="scripts.LoginTest" tests="1" failures="0" timestamp="08 Jun 2018 13:50:25 GMT" time="28.853" errors="0">
  <testcase name="loginTest" time="28.853" classname="scripts.LoginTest"/>
</testsuite> <!-- scripts.LoginTest -->
