<?xml version="1.0" encoding="UTF-8"?>
<!-- Generated by org.testng.reporters.JUnitReportReporter -->
<testsuite skipped="0" hostname="Its-me-Apoorv" name="scripts.LoginTest" tests="1" failures="0" timestamp="23 Aug 2018 13:16:36 GMT" time="31.199" errors="0">
  <testcase name="loginTest" time="31.199" classname="scripts.LoginTest"/>
</testsuite> <!-- scripts.LoginTest -->
