<?xml version="1.0" encoding="UTF-8"?>
<!-- Generated by org.testng.reporters.JUnitReportReporter -->
<testsuite skipped="0" hostname="Its-me-Apoorv" name="scripts.LoginTest" tests="1" failures="0" timestamp="23 Aug 2018 13:29:46 GMT" time="85.179" errors="0">
  <testcase name="loginTest" time="85.179" classname="scripts.LoginTest"/>
</testsuite> <!-- scripts.LoginTest -->
