<?xml version="1.0" encoding="UTF-8"?>
<!-- Generated by org.testng.reporters.JUnitReportReporter -->
<testsuite skipped="0" hostname="Its-me-Apoorv" name="scripts.PaymentRequestTest" tests="1" failures="0" timestamp="30 May 2018 11:44:17 GMT" time="15.573" errors="0">
  <testcase name="paymentRequestTest" time="15.573" classname="scripts.PaymentRequestTest"/>
</testsuite> <!-- scripts.PaymentRequestTest -->
