<?xml version="1.0" encoding="UTF-8"?>
<!-- Generated by org.testng.reporters.JUnitReportReporter -->
<testsuite skipped="0" hostname="Its-me-Apoorv" name="scripts.LoginTest" tests="1" failures="0" timestamp="20 Sep 2018 06:55:09 GMT" time="68.244" errors="0">
  <testcase name="loginTest" time="68.244" classname="scripts.LoginTest"/>
</testsuite> <!-- scripts.LoginTest -->
