<?xml version="1.0" encoding="UTF-8"?>
<!-- Generated by org.testng.reporters.JUnitReportReporter -->
<testsuite skipped="0" hostname="Its-me-Apoorv" name="scripts.LoginTask" tests="1" failures="0" timestamp="28 May 2018 11:08:26 GMT" time="15.962" errors="0">
  <testcase name="Login" time="15.962" classname="scripts.LoginTask"/>
</testsuite> <!-- scripts.LoginTask -->
